[2025-06-27 11:00:44,424] INFO [QuorumController id=1] In the last 60000 ms period, 333 controller events were completed, which took an average of 10.61 ms each. The slowest event was writeNoOpRecord(845253388), which took 41.53 ms. (org.apache.kafka.controller.EventPerformanceMonitor)
[2025-06-27 11:01:44,437] INFO [QuorumController id=1] In the last 60000 ms period, 324 controller events were completed, which took an average of 10.47 ms each. The slowest event was writeNoOpRecord(665847206), which took 30.45 ms. (org.apache.kafka.controller.EventPerformanceMonitor)
[2025-06-27 11:02:44,434] INFO [QuorumController id=1] In the last 60000 ms period, 324 controller events were completed, which took an average of 10.18 ms each. The slowest event was writeNoOpRecord(1171832376), which took 39.12 ms. (org.apache.kafka.controller.EventPerformanceMonitor)
[2025-06-27 11:03:01,104] INFO [QuorumController id=1] CreateTopics result(s): CreatableTopic(name='crime-chicago', numPartitions=1, replicationFactor=1, assignments=[], configs=[]): SUCCESS (org.apache.kafka.controller.ReplicationControlManager)
[2025-06-27 11:03:01,106] INFO [QuorumController id=1] Replayed TopicRecord for topic crime-chicago with topic ID cK3-fDZdQMCJON14LS0ylw. (org.apache.kafka.controller.ReplicationControlManager)
[2025-06-27 11:03:01,110] INFO [QuorumController id=1] Replayed PartitionRecord for new partition crime-chicago-0 with topic ID cK3-fDZdQMCJON14LS0ylw and PartitionRegistration(replicas=[1], directories=[KK77z3gVTfCibydPwmQ0bA], isr=[1], removingReplicas=[], addingReplicas=[], elr=[], lastKnownElr=[], leader=1, leaderRecoveryState=RECOVERED, leaderEpoch=0, partitionEpoch=0). (org.apache.kafka.controller.ReplicationControlManager)
[2025-06-27 11:03:44,432] INFO [QuorumController id=1] In the last 60000 ms period, 327 controller events were completed, which took an average of 9.96 ms each. The slowest event was createTopics(1212790719), which took 37.51 ms. (org.apache.kafka.controller.EventPerformanceMonitor)
[2025-06-27 11:04:44,404] INFO [QuorumController id=1] Periodic task electPreferred generated 0 records in 784 microseconds. (org.apache.kafka.controller.PeriodicTaskControlManager)
[2025-06-27 11:04:44,405] INFO [QuorumController id=1] Periodic task electUnclean generated 0 records in 16 microseconds. (org.apache.kafka.controller.PeriodicTaskControlManager)
[2025-06-27 11:04:44,428] INFO [QuorumController id=1] In the last 60000 ms period, 326 controller events were completed, which took an average of 9.66 ms each. The slowest event was writeNoOpRecord(1797302917), which took 29.03 ms. (org.apache.kafka.controller.EventPerformanceMonitor)
[2025-06-27 11:05:44,425] INFO [QuorumController id=1] In the last 60000 ms period, 324 controller events were completed, which took an average of 9.72 ms each. The slowest event was writeNoOpRecord(278718012), which took 28.17 ms. (org.apache.kafka.controller.EventPerformanceMonitor)
[2025-06-27 11:06:44,424] INFO [QuorumController id=1] In the last 60000 ms period, 325 controller events were completed, which took an average of 9.83 ms each. The slowest event was writeNoOpRecord(47722147), which took 28.28 ms. (org.apache.kafka.controller.EventPerformanceMonitor)
[2025-06-27 11:07:44,420] INFO [QuorumController id=1] In the last 60000 ms period, 324 controller events were completed, which took an average of 10.23 ms each. The slowest event was writeNoOpRecord(483174371), which took 27.91 ms. (org.apache.kafka.controller.EventPerformanceMonitor)
[2025-06-27 11:08:44,417] INFO [QuorumController id=1] In the last 60000 ms period, 324 controller events were completed, which took an average of 10.03 ms each. The slowest event was writeNoOpRecord(2146847295), which took 27.19 ms. (org.apache.kafka.controller.EventPerformanceMonitor)
[2025-06-27 11:09:44,383] INFO [QuorumController id=1] Periodic task electPreferred generated 0 records in 78 microseconds. (org.apache.kafka.controller.PeriodicTaskControlManager)
[2025-06-27 11:09:44,385] INFO [QuorumController id=1] Periodic task electUnclean generated 0 records in 50 microseconds. (org.apache.kafka.controller.PeriodicTaskControlManager)
[2025-06-27 11:09:44,414] INFO [QuorumController id=1] In the last 60000 ms period, 327 controller events were completed, which took an average of 9.49 ms each. The slowest event was writeNoOpRecord(403541947), which took 27.63 ms. (org.apache.kafka.controller.EventPerformanceMonitor)
[2025-06-27 11:10:44,411] INFO [QuorumController id=1] In the last 60000 ms period, 324 controller events were completed, which took an average of 9.61 ms each. The slowest event was writeNoOpRecord(644961852), which took 27.95 ms. (org.apache.kafka.controller.EventPerformanceMonitor)
[2025-06-27 11:11:44,408] INFO [QuorumController id=1] In the last 60000 ms period, 324 controller events were completed, which took an average of 9.82 ms each. The slowest event was writeNoOpRecord(2145300238), which took 27.83 ms. (org.apache.kafka.controller.EventPerformanceMonitor)
[2025-06-27 11:12:44,405] INFO [QuorumController id=1] In the last 60000 ms period, 325 controller events were completed, which took an average of 9.77 ms each. The slowest event was writeNoOpRecord(1160847899), which took 27.80 ms. (org.apache.kafka.controller.EventPerformanceMonitor)
[2025-06-27 11:13:44,402] INFO [QuorumController id=1] In the last 60000 ms period, 324 controller events were completed, which took an average of 9.66 ms each. The slowest event was writeNoOpRecord(1639588822), which took 27.89 ms. (org.apache.kafka.controller.EventPerformanceMonitor)
[2025-06-27 11:14:44,364] INFO [QuorumController id=1] Periodic task electPreferred generated 0 records in 16 microseconds. (org.apache.kafka.controller.PeriodicTaskControlManager)
[2025-06-27 11:14:44,367] INFO [QuorumController id=1] Periodic task electUnclean generated 0 records in 14 microseconds. (org.apache.kafka.controller.PeriodicTaskControlManager)
[2025-06-27 11:14:44,401] INFO [QuorumController id=1] In the last 60000 ms period, 326 controller events were completed, which took an average of 9.57 ms each. The slowest event was writeNoOpRecord(2027456324), which took 28.21 ms. (org.apache.kafka.controller.EventPerformanceMonitor)
[2025-06-27 11:15:44,396] INFO [QuorumController id=1] In the last 60000 ms period, 325 controller events were completed, which took an average of 9.80 ms each. The slowest event was writeNoOpRecord(2051382046), which took 27.62 ms. (org.apache.kafka.controller.EventPerformanceMonitor)
[2025-06-27 11:16:44,392] INFO [QuorumController id=1] In the last 60000 ms period, 324 controller events were completed, which took an average of 10.16 ms each. The slowest event was writeNoOpRecord(1692197664), which took 27.67 ms. (org.apache.kafka.controller.EventPerformanceMonitor)
[2025-06-27 11:17:44,390] INFO [QuorumController id=1] In the last 60000 ms period, 324 controller events were completed, which took an average of 9.58 ms each. The slowest event was writeNoOpRecord(1291439077), which took 27.76 ms. (org.apache.kafka.controller.EventPerformanceMonitor)
[2025-06-27 11:17:55,888] INFO [QuorumController id=1] Unfenced broker 1 has requested and been granted a controlled shutdown. (org.apache.kafka.controller.BrokerHeartbeatManager)
[2025-06-27 11:17:55,893] INFO [QuorumController id=1] enterControlledShutdown[1]: changing 1 partition(s) (org.apache.kafka.controller.ReplicationControlManager)
[2025-06-27 11:17:55,894] INFO [QuorumController id=1] Replayed BrokerRegistrationChangeRecord modifying the registration for broker 1: BrokerRegistrationChangeRecord(brokerId=1, brokerEpoch=9, fenced=0, inControlledShutdown=1, logDirs=[]) (org.apache.kafka.controller.ClusterControlManager)
[2025-06-27 11:17:55,971] INFO [QuorumController id=1] The request from broker 1 to shut down has been granted since the lowest active offset 9223372036854775807 is now greater than the broker's controlled shutdown offset 2196. (org.apache.kafka.controller.BrokerHeartbeatManager)
[2025-06-27 11:17:55,973] INFO [QuorumController id=1] Replayed BrokerRegistrationChangeRecord modifying the registration for broker 1: BrokerRegistrationChangeRecord(brokerId=1, brokerEpoch=9, fenced=1, inControlledShutdown=0, logDirs=[]) (org.apache.kafka.controller.ClusterControlManager)
[2025-06-27 11:17:56,308] INFO [QuorumController id=1] writeNoOpRecord: event unable to start processing because of RejectedExecutionException (treated as TimeoutException). Exception message: The event queue is shutting down (org.apache.kafka.controller.QuorumController)
[2025-06-27 11:17:56,309] INFO [QuorumController id=1] maybeFenceStaleBroker: event unable to start processing because of RejectedExecutionException (treated as TimeoutException). Exception message: The event queue is shutting down (org.apache.kafka.controller.QuorumController)
[2025-06-27 11:17:56,309] INFO [QuorumController id=1] generatePeriodicPerformanceMessage: event unable to start processing because of RejectedExecutionException (treated as TimeoutException). Exception message: The event queue is shutting down (org.apache.kafka.controller.QuorumController)
[2025-06-27 11:17:56,309] INFO [QuorumController id=1] electPreferred: event unable to start processing because of RejectedExecutionException (treated as TimeoutException). Exception message: The event queue is shutting down (org.apache.kafka.controller.QuorumController)
[2025-06-27 11:17:56,309] INFO [QuorumController id=1] electUnclean: event unable to start processing because of RejectedExecutionException (treated as TimeoutException). Exception message: The event queue is shutting down (org.apache.kafka.controller.QuorumController)
[2025-06-27 11:17:56,309] INFO [QuorumController id=1] expireDelegationTokens: event unable to start processing because of RejectedExecutionException (treated as TimeoutException). Exception message: The event queue is shutting down (org.apache.kafka.controller.QuorumController)
[2025-06-27 11:45:12,553] INFO [QuorumController id=1] Registering periodic task writeNoOpRecord to run every 500 ms (org.apache.kafka.controller.PeriodicTaskControlManager)
[2025-06-27 11:45:12,553] INFO [QuorumController id=1] Registering periodic task maybeFenceStaleBroker to run every 1125 ms (org.apache.kafka.controller.PeriodicTaskControlManager)
[2025-06-27 11:45:12,553] INFO [QuorumController id=1] Registering periodic task electPreferred to run every 300000 ms (org.apache.kafka.controller.PeriodicTaskControlManager)
[2025-06-27 11:45:12,554] INFO [QuorumController id=1] Registering periodic task electUnclean to run every 300000 ms (org.apache.kafka.controller.PeriodicTaskControlManager)
[2025-06-27 11:45:12,554] INFO [QuorumController id=1] Registering periodic task expireDelegationTokens to run every 3600000 ms (org.apache.kafka.controller.PeriodicTaskControlManager)
[2025-06-27 11:45:12,554] INFO [QuorumController id=1] Registering periodic task generatePeriodicPerformanceMessage to run every 60000 ms (org.apache.kafka.controller.PeriodicTaskControlManager)
[2025-06-27 11:45:12,555] INFO [QuorumController id=1] Creating new QuorumController with clusterId QcROHlGXRSqxomw0D9UfdA (org.apache.kafka.controller.QuorumController)
[2025-06-27 11:45:12,557] INFO [QuorumController id=1] Starting to load snapshot 00000000000000000000-0000000000. Previous lastCommittedOffset was -1. Previous transactionStartOffset was -1. (org.apache.kafka.controller.OffsetControlManager)
[2025-06-27 11:45:12,558] INFO [QuorumController id=1] Successfully loaded snapshot 00000000000000000000-0000000000. (org.apache.kafka.controller.OffsetControlManager)
[2025-06-27 11:45:12,559] INFO [QuorumController id=1] Becoming the active controller at epoch 1, next write offset 3. (org.apache.kafka.controller.QuorumController)
[2025-06-27 11:45:12,566] WARN [QuorumController id=1] Performing controller activation. The metadata log appears to be empty. Appending 3 bootstrap record(s) in metadata transaction at metadata.version 4.0-IV3 from bootstrap source 'the binary bootstrap metadata file: /tmp/kraft-combined-logs/bootstrap.checkpoint'. (org.apache.kafka.controller.QuorumController)
[2025-06-27 11:45:12,569] INFO [QuorumController id=1] Replayed BeginTransactionRecord(name='Bootstrap records') at offset 3. (org.apache.kafka.controller.OffsetControlManager)
[2025-06-27 11:45:12,570] INFO [QuorumController id=1] Replayed a FeatureLevelRecord setting metadata.version to 4.0-IV3 (org.apache.kafka.controller.FeatureControlManager)
[2025-06-27 11:45:12,572] INFO [QuorumController id=1] Replayed a FeatureLevelRecord setting feature group.version to 1 (org.apache.kafka.controller.FeatureControlManager)
[2025-06-27 11:45:12,572] INFO [QuorumController id=1] Replayed a FeatureLevelRecord setting feature transaction.version to 2 (org.apache.kafka.controller.FeatureControlManager)
[2025-06-27 11:45:12,573] INFO [QuorumController id=1] Replayed EndTransactionRecord() at offset 7. (org.apache.kafka.controller.OffsetControlManager)
[2025-06-27 11:45:12,574] INFO [QuorumController id=1] Activated periodic tasks: electPreferred, electUnclean, expireDelegationTokens, generatePeriodicPerformanceMessage, maybeFenceStaleBroker, writeNoOpRecord (org.apache.kafka.controller.PeriodicTaskControlManager)
[2025-06-27 11:45:12,724] INFO [QuorumController id=1] Replayed RegisterControllerRecord containing ControllerRegistration(id=1, incarnationId=Z4bBUERlQCKrfVyltvAQ2A, zkMigrationReady=false, listeners=[Endpoint(listenerName='CONTROLLER', securityProtocol=PLAINTEXT, host='localhost', port=9093)], supportedFeatures={eligible.leader.replicas.version: 0-1, group.version: 0-1, kraft.version: 0-1, metadata.version: 7-25, transaction.version: 0-2}). (org.apache.kafka.controller.ClusterControlManager)
[2025-06-27 11:45:12,811] INFO [QuorumController id=1] No previous registration found for broker 1. New incarnation ID is 6e5Y5ag9S9mlT9rCpNn3Sw.  Generated 0 record(s) to clean up previous incarnations. New broker epoch is 9. (org.apache.kafka.controller.ClusterControlManager)
[2025-06-27 11:45:12,818] INFO [QuorumController id=1] Replayed initial RegisterBrokerRecord for broker 1: RegisterBrokerRecord(brokerId=1, isMigratingZkBroker=false, incarnationId=6e5Y5ag9S9mlT9rCpNn3Sw, brokerEpoch=9, endPoints=[BrokerEndpoint(name='PLAINTEXT', host='host.docker.internal', port=9092, securityProtocol=0)], features=[BrokerFeature(name='group.version', minSupportedVersion=0, maxSupportedVersion=1), BrokerFeature(name='transaction.version', minSupportedVersion=0, maxSupportedVersion=2), BrokerFeature(name='eligible.leader.replicas.version', minSupportedVersion=0, maxSupportedVersion=1), BrokerFeature(name='kraft.version', minSupportedVersion=0, maxSupportedVersion=1), BrokerFeature(name='metadata.version', minSupportedVersion=7, maxSupportedVersion=25)], rack=null, fenced=true, inControlledShutdown=false, logDirs=[5z_-mWS_R_GKURevhrY1Cg]) (org.apache.kafka.controller.ClusterControlManager)
[2025-06-27 11:45:12,916] INFO [QuorumController id=1] The request from broker 1 to unfence has been granted because it has caught up with the offset of its register broker record 9. (org.apache.kafka.controller.BrokerHeartbeatManager)
[2025-06-27 11:45:12,921] INFO [QuorumController id=1] Replayed BrokerRegistrationChangeRecord modifying the registration for broker 1: BrokerRegistrationChangeRecord(brokerId=1, brokerEpoch=9, fenced=-1, inControlledShutdown=0, logDirs=[]) (org.apache.kafka.controller.ClusterControlManager)
[2025-06-27 11:45:20,746] INFO [QuorumController id=1] CreateTopics result(s): CreatableTopic(name='crime-chicago', numPartitions=1, replicationFactor=1, assignments=[], configs=[]): SUCCESS (org.apache.kafka.controller.ReplicationControlManager)
[2025-06-27 11:45:20,747] INFO [QuorumController id=1] Replayed TopicRecord for topic crime-chicago with topic ID zgktQndUTpe5wykn6uVbBQ. (org.apache.kafka.controller.ReplicationControlManager)
[2025-06-27 11:45:20,750] INFO [QuorumController id=1] Replayed PartitionRecord for new partition crime-chicago-0 with topic ID zgktQndUTpe5wykn6uVbBQ and PartitionRegistration(replicas=[1], directories=[5z_-mWS_R_GKURevhrY1Cg], isr=[1], removingReplicas=[], addingReplicas=[], elr=[], lastKnownElr=[], leader=1, leaderRecoveryState=RECOVERED, leaderEpoch=0, partitionEpoch=0). (org.apache.kafka.controller.ReplicationControlManager)
[2025-06-27 11:46:12,573] INFO [QuorumController id=1] In the last 60000 ms period, 335 controller events were completed, which took an average of 10.11 ms each. The slowest event was createTopics(47451434), which took 46.35 ms. (org.apache.kafka.controller.EventPerformanceMonitor)
